<?xml version="1.0" encoding="UTF-8"?>
<!-- Generated by org.testng.reporters.JUnitReportReporter -->
<testsuite hostname="DESKTOP-9MNIE8U" failures="0" tests="1" name="GroupingTesting.LoginFB" time="5.301" errors="0" timestamp="2023-06-16T16:11:02 IST" skipped="0">
  <testcase classname="GroupingTesting.LoginFB" name="LoginWithNumber" time="5.301"/>
  <system-out/>
</testsuite> <!-- GroupingTesting.LoginFB -->
