<?xml version="1.0" encoding="UTF-8"?>
<!-- Generated by org.testng.reporters.JUnitReportReporter -->
<testsuite hostname="DESKTOP-9MNIE8U" failures="0" tests="1" name="GroupingTesting.SignupAmazon" time="15.267" errors="0" timestamp="2023-06-16T16:06:11 IST" skipped="0">
  <testcase classname="GroupingTesting.SignupAmazon" name="signup" time="15.267"/>
  <system-out/>
</testsuite> <!-- GroupingTesting.SignupAmazon -->
