<?xml version="1.0" encoding="UTF-8"?>
<!-- Generated by org.testng.reporters.JUnitReportReporter -->
<testsuite hostname="DESKTOP-9MNIE8U" failures="0" tests="2" name="BatchTesting.LoginAmazon" time="382.323" errors="0" timestamp="2023-06-16T14:23:53 IST" skipped="0">
  <testcase classname="BatchTesting.LoginAmazon" name="loginWithEmail" time="250.430"/>
  <system-out/>
  <testcase classname="BatchTesting.LoginAmazon" name="loginWithNumber" time="131.893"/>
  <system-out/>
</testsuite> <!-- BatchTesting.LoginAmazon -->
