<?xml version="1.0" encoding="UTF-8"?>
<!-- Generated by org.testng.reporters.JUnitReportReporter -->
<testsuite hostname="DESKTOP-9MNIE8U" failures="0" tests="3" name="com.Test.BatchTestingDemo" time="22.513" errors="0" timestamp="2023-06-15T22:13:05 IST" skipped="0">
  <testcase classname="com.Test.BatchTestingDemo" name="LoginWithEmail" time="8.547"/>
  <system-out/>
  <testcase classname="com.Test.BatchTestingDemo" name="LoginWithNumber" time="6.539"/>
  <system-out/>
  <testcase classname="com.Test.BatchTestingDemo" name="createAccount" time="7.427"/>
  <system-out/>
</testsuite> <!-- com.Test.BatchTestingDemo -->
