<?xml version="1.0" encoding="UTF-8"?>
<!-- Generated by org.testng.reporters.JUnitReportReporter -->
<testsuite hostname="DESKTOP-9MNIE8U" failures="0" tests="1" name="Parallel_Testing.IncognitoMode" time="68.233" errors="0" timestamp="2023-06-17T17:46:00 IST" skipped="0">
  <testcase classname="Parallel_Testing.IncognitoMode" name="mode" time="68.233"/>
  <system-out/>
</testsuite> <!-- Parallel_Testing.IncognitoMode -->
