<?xml version="1.0" encoding="UTF-8"?>
<!-- Generated by org.testng.reporters.JUnitReportReporter -->
<testsuite hostname="DESKTOP-9MNIE8U" failures="0" tests="1" name="BatchTesting.SignupAmazon" time="35.661" errors="0" timestamp="2023-06-16T14:23:53 IST" skipped="0">
  <testcase classname="BatchTesting.SignupAmazon" name="signup" time="35.661"/>
  <system-out/>
</testsuite> <!-- BatchTesting.SignupAmazon -->
