<?xml version="1.0" encoding="UTF-8"?>
<!-- Generated by org.testng.reporters.JUnitReportReporter -->
<testsuite hostname="DESKTOP-9MNIE8U" failures="0" tests="2" name="BatchTesting.SignupFB" time="19.603" errors="0" timestamp="2023-06-16T14:23:53 IST" skipped="0">
  <testcase classname="BatchTesting.SignupFB" name="createFbAccountWithNo" time="10.386"/>
  <system-out/>
  <testcase classname="BatchTesting.SignupFB" name="createFbAccountWithEmail" time="9.217"/>
  <system-out/>
</testsuite> <!-- BatchTesting.SignupFB -->
