<?xml version="1.0" encoding="UTF-8"?>
<!-- Generated by org.testng.reporters.JUnitReportReporter -->
<testsuite hostname="DESKTOP-9MNIE8U" failures="0" tests="1" name="GroupingTesting.LoginAmazon" time="15.045" errors="0" timestamp="2023-06-16T16:08:44 IST" skipped="0">
  <testcase classname="GroupingTesting.LoginAmazon" name="loginWithNumber" time="15.045"/>
  <system-out/>
</testsuite> <!-- GroupingTesting.LoginAmazon -->
