<?xml version="1.0" encoding="UTF-8"?>
<!-- Generated by org.testng.reporters.JUnitReportReporter -->
<testsuite hostname="DESKTOP-9MNIE8U" failures="0" tests="2" name="BatchTesting.LoginFB" time="21.179" errors="0" timestamp="2023-06-16T14:23:53 IST" skipped="0">
  <testcase classname="BatchTesting.LoginFB" name="LoginWithNumber" time="6.428"/>
  <system-out/>
  <testcase classname="BatchTesting.LoginFB" name="LoginWithEmail" time="14.751"/>
  <system-out/>
</testsuite> <!-- BatchTesting.LoginFB -->
