<?xml version="1.0" encoding="UTF-8"?>
<!-- Generated by org.testng.reporters.JUnitReportReporter -->
<testsuite hostname="DESKTOP-9MNIE8U" failures="0" tests="1" name="BatchTesting.BatchTestingDemo" time="21.144" errors="0" timestamp="2023-06-16T10:20:52 IST" skipped="0">
  <testcase classname="BatchTesting.BatchTestingDemo" name="createAccount" time="21.144"/>
  <system-out/>
</testsuite> <!-- BatchTesting.BatchTestingDemo -->
