<?xml version="1.0" encoding="UTF-8"?>
<!-- Generated by org.testng.reporters.JUnitReportReporter -->
<testsuite hostname="DESKTOP-9MNIE8U" failures="0" tests="2" name="Parallel_Testing.ParallelTestNG" time="93.549" errors="0" timestamp="2023-06-16T15:28:49 IST" skipped="0">
  <testcase classname="Parallel_Testing.ParallelTestNG" name="signupAmazon" time="49.735"/>
  <system-out/>
  <testcase classname="Parallel_Testing.ParallelTestNG" name="signupFacebook" time="43.814"/>
  <system-out/>
</testsuite> <!-- Parallel_Testing.ParallelTestNG -->
